#
# There is insufficient memory for the Java Runtime Environment to continue.
# Native memory allocation (malloc) failed to allocate 1367360 bytes for Chunk::new
# Possible reasons:
#   The system is out of physical RAM or swap space
#   The process is running with CompressedOops enabled, and the Java Heap may be blocking the growth of the native heap
# Possible solutions:
#   Reduce memory load on the system
#   Increase physical memory or swap space
#   Check if swap backing store is full
#   Decrease Java heap size (-Xmx/-Xms)
#   Decrease number of Java threads
#   Decrease Java thread stack sizes (-Xss)
#   Set larger code cache with -XX:ReservedCodeCacheSize=
#   JVM is running with Zero Based Compressed Oops mode in which the Java heap is
#     placed in the first 32GB address space. The Java Heap base address is the
#     maximum limit for the native heap growth. Please use -XX:HeapBaseMinAddress
#     to set the Java Heap base and to place the Java Heap above 32GB virtual address.
# This output file may be truncated or incomplete.
#
#  Out of Memory Error (arena.cpp:184), pid=46048, tid=48676
#
# JRE version: Java(TM) SE Runtime Environment (20.0.1+9) (build 20.0.1+9-29)
# Java VM: Java HotSpot(TM) 64-Bit Server VM (20.0.1+9-29, mixed mode, sharing, tiered, compressed oops, compressed class ptrs, g1 gc, windows-amd64)
# No core dump will be written. Minidumps are not enabled by default on client versions of Windows
#

---------------  S U M M A R Y ------------

Command Line: -Dfile.encoding=UTF-8 --module-path=C:\Users\shwet\OneDrive\Documents\NetBeansProjects\PlacementManagement\build\classes university.management.system.teacherleavedetails

Host: 12th Gen Intel(R) Core(TM) i5-1235U, 12 cores, 15G,  Windows 11 , 64 bit Build 26100 (10.0.26100.2454)
Time: Sat Feb  1 16:37:07 2025 India Standard Time elapsed time: 1.193216 seconds (0d 0h 0m 1s)

---------------  T H R E A D  ---------------

Current thread (0x00000196fd63c1a0):  JavaThread "C2 CompilerThread0" daemon [_thread_in_native, id=48676, stack(0x0000006b00900000,0x0000006b00a00000)]


Current CompileTask:
C2:   1193 1243       4       sun.security.ec.ECOperations::setDouble (463 bytes)

Stack: [0x0000006b00900000,0x0000006b00a00000]
Native frames: (J=compiled Java code, j=interpreted, Vv=VM code, C=native code)
V  [jvm.dll+0x6bb95a]
V  [jvm.dll+0x8485fa]
V  [jvm.dll+0x84a1f5]
V  [jvm.dll+0x84a8f3]
V  [jvm.dll+0x280b0f]
V  [jvm.dll+0xc2b11]
V  [jvm.dll+0xc2e35]
V  [jvm.dll+0x3bb17c]
V  [jvm.dll+0x3857f5]
V  [jvm.dll+0x384c6a]
V  [jvm.dll+0x24b259]
V  [jvm.dll+0x24a651]
V  [jvm.dll+0x1ce491]
V  [jvm.dll+0x259e1b]
V  [jvm.dll+0x2584f0]
V  [jvm.dll+0x3f2895]
V  [jvm.dll+0x7f4b56]
V  [jvm.dll+0x6ba5cb]
C  [ucrtbase.dll+0x14ea0]
C  [KERNEL32.DLL+0x2e8d7]
C  [ntdll.dll+0xdfbcc]


---------------  P R O C E S S  ---------------

Threads class SMR info:
_java_thread_list=0x00000196ff4328f0, length=15, elements={
0x00000196ecd0d870, 0x00000196fd6045d0, 0x00000196fd605110, 0x00000196fd60b520,
0x00000196fd60be60, 0x00000196fd60d4b0, 0x00000196fd616c40, 0x00000196fd63c1a0,
0x00000196fd752c00, 0x00000196fd871830, 0x00000196fd92ddc0, 0x00000196fda49520,
0x00000196fdb055b0, 0x00000196fdb3f7b0, 0x00000196fd7552f0
}

Java Threads: ( => current thread )
  0x00000196ecd0d870 JavaThread "main" [_thread_in_native, id=34384, stack(0x0000006b7fc00000,0x0000006b7fd00000)]
  0x00000196fd6045d0 JavaThread "Reference Handler" daemon [_thread_blocked, id=22976, stack(0x0000006b00300000,0x0000006b00400000)]
  0x00000196fd605110 JavaThread "Finalizer" daemon [_thread_blocked, id=35592, stack(0x0000006b00400000,0x0000006b00500000)]
  0x00000196fd60b520 JavaThread "Signal Dispatcher" daemon [_thread_blocked, id=45108, stack(0x0000006b00500000,0x0000006b00600000)]
  0x00000196fd60be60 JavaThread "Attach Listener" daemon [_thread_blocked, id=47148, stack(0x0000006b00600000,0x0000006b00700000)]
  0x00000196fd60d4b0 JavaThread "Service Thread" daemon [_thread_blocked, id=41244, stack(0x0000006b00700000,0x0000006b00800000)]
  0x00000196fd616c40 JavaThread "Monitor Deflation Thread" daemon [_thread_blocked, id=16088, stack(0x0000006b00800000,0x0000006b00900000)]
=>0x00000196fd63c1a0 JavaThread "C2 CompilerThread0" daemon [_thread_in_native, id=48676, stack(0x0000006b00900000,0x0000006b00a00000)]
  0x00000196fd752c00 JavaThread "C1 CompilerThread0" daemon [_thread_blocked, id=44476, stack(0x0000006b00a00000,0x0000006b00b00000)]
  0x00000196fd871830 JavaThread "Common-Cleaner" daemon [_thread_blocked, id=41416, stack(0x0000006b00b00000,0x0000006b00c00000)]
  0x00000196fd92ddc0 JavaThread "Notification Thread" daemon [_thread_blocked, id=25392, stack(0x0000006b00c00000,0x0000006b00d00000)]
  0x00000196fda49520 JavaThread "Java2D Disposer" daemon [_thread_blocked, id=43112, stack(0x0000006b00e00000,0x0000006b00f00000)]
  0x00000196fdb055b0 JavaThread "AWT-Windows" daemon [_thread_in_native, id=48488, stack(0x0000006b01000000,0x0000006b01100000)]
  0x00000196fdb3f7b0 JavaThread "mysql-cj-abandoned-connection-cleanup" daemon [_thread_blocked, id=31580, stack(0x0000006b01100000,0x0000006b01200000)]
  0x00000196fd7552f0 JavaThread "C2 CompilerThread1" daemon [_thread_in_native, id=9804, stack(0x0000006b01200000,0x0000006b01300000)]

Other Threads:
  0x00000196fd5e6920 VMThread "VM Thread" [stack: 0x0000006b00200000,0x0000006b00300000] [id=42300]
  0x00000196fd92e310 WatcherThread "VM Periodic Task Thread" [stack: 0x0000006b00d00000,0x0000006b00e00000] [id=41992]
  0x00000196ecd80b40 WorkerThread "GC Thread#0" [stack: 0x0000006b7fd00000,0x0000006b7fe00000] [id=39688]
  0x00000196ecd925e0 ConcurrentGCThread "G1 Main Marker" [stack: 0x0000006b7fe00000,0x0000006b7ff00000] [id=34076]
  0x00000196ecd93010 WorkerThread "G1 Conc#0" [stack: 0x0000006b7ff00000,0x0000006b80000000] [id=25256]
  0x00000196fd4a5210 ConcurrentGCThread "G1 Refine#0" [stack: 0x0000006b00000000,0x0000006b00100000] [id=47580]
  0x00000196fd4a6cc0 ConcurrentGCThread "G1 Service" [stack: 0x0000006b00100000,0x0000006b00200000] [id=32240]

Threads with active compile tasks:
C2 CompilerThread0     1229 1243       4       sun.security.ec.ECOperations::setDouble (463 bytes)
C2 CompilerThread1     1229 1324       4       sun.security.provider.SHA5::lf_delta1 (21 bytes)

VM state: not at safepoint (normal execution)

VM Mutex/Monitor currently owned by a thread: None

Heap address: 0x0000000704800000, size: 4024 MB, Compressed Oops mode: Zero based, Oop shift amount: 3

CDS archive(s) mapped at: [0x0000000800000000-0x0000000800c60000-0x0000000800c60000), size 12976128, SharedBaseAddress: 0x0000000800000000, ArchiveRelocationMode: 0.
Compressed class space mapped at: 0x0000000801000000-0x0000000841000000, reserved size: 1073741824
Narrow klass base: 0x0000000800000000, Narrow klass shift: 0, Narrow klass range: 0x100000000

GC Precious Log:
 CardTable entry size: 512
 Card Set container configuration: InlinePtr #cards 4 size 8 Array Of Cards #cards 16 size 48 Howl #buckets 8 coarsen threshold 3686 Howl Bitmap #cards 512 size 80 coarsen threshold 460 Card regions per heap region 1 cards per card region 4096
 CPUs: 12 total, 12 available
 Memory: 16095M
 Large Page Support: Disabled
 NUMA Support: Disabled
 Compressed Oops: Enabled (Zero based)
 Heap Region Size: 2M
 Heap Min Capacity: 8M
 Heap Initial Capacity: 252M
 Heap Max Capacity: 4024M
 Pre-touch: Disabled
 Parallel Workers: 10
 Concurrent Workers: 3
 Concurrent Refinement Workers: 10
 Periodic GC: Disabled

Heap:
 garbage-first heap   total 258048K, used 16384K [0x0000000704800000, 0x0000000800000000)
  region size 2048K, 9 young (18432K), 0 survivors (0K)
 Metaspace       used 12879K, committed 13056K, reserved 1114112K
  class space    used 1397K, committed 1472K, reserved 1048576K

Heap Regions: E=young(eden), S=young(survivor), O=old, HS=humongous(starts), HC=humongous(continues), CS=collection set, F=free, OA=open archive, CA=closed archive, TAMS=top-at-mark-start, PB=parsable bottom
|   0|0x0000000704800000, 0x0000000704800000, 0x0000000704a00000|  0%| F|  |TAMS 0x0000000704800000| PB 0x0000000704800000| Untracked 
|   1|0x0000000704a00000, 0x0000000704a00000, 0x0000000704c00000|  0%| F|  |TAMS 0x0000000704a00000| PB 0x0000000704a00000| Untracked 
|   2|0x0000000704c00000, 0x0000000704c00000, 0x0000000704e00000|  0%| F|  |TAMS 0x0000000704c00000| PB 0x0000000704c00000| Untracked 
|   3|0x0000000704e00000, 0x0000000704e00000, 0x0000000705000000|  0%| F|  |TAMS 0x0000000704e00000| PB 0x0000000704e00000| Untracked 
|   4|0x0000000705000000, 0x0000000705000000, 0x0000000705200000|  0%| F|  |TAMS 0x0000000705000000| PB 0x0000000705000000| Untracked 
|   5|0x0000000705200000, 0x0000000705200000, 0x0000000705400000|  0%| F|  |TAMS 0x0000000705200000| PB 0x0000000705200000| Untracked 
|   6|0x0000000705400000, 0x0000000705400000, 0x0000000705600000|  0%| F|  |TAMS 0x0000000705400000| PB 0x0000000705400000| Untracked 
|   7|0x0000000705600000, 0x0000000705600000, 0x0000000705800000|  0%| F|  |TAMS 0x0000000705600000| PB 0x0000000705600000| Untracked 
|   8|0x0000000705800000, 0x0000000705800000, 0x0000000705a00000|  0%| F|  |TAMS 0x0000000705800000| PB 0x0000000705800000| Untracked 
|   9|0x0000000705a00000, 0x0000000705a00000, 0x0000000705c00000|  0%| F|  |TAMS 0x0000000705a00000| PB 0x0000000705a00000| Untracked 
|  10|0x0000000705c00000, 0x0000000705c00000, 0x0000000705e00000|  0%| F|  |TAMS 0x0000000705c00000| PB 0x0000000705c00000| Untracked 
|  11|0x0000000705e00000, 0x0000000705e00000, 0x0000000706000000|  0%| F|  |TAMS 0x0000000705e00000| PB 0x0000000705e00000| Untracked 
|  12|0x0000000706000000, 0x0000000706000000, 0x0000000706200000|  0%| F|  |TAMS 0x0000000706000000| PB 0x0000000706000000| Untracked 
|  13|0x0000000706200000, 0x0000000706200000, 0x0000000706400000|  0%| F|  |TAMS 0x0000000706200000| PB 0x0000000706200000| Untracked 
|  14|0x0000000706400000, 0x0000000706400000, 0x0000000706600000|  0%| F|  |TAMS 0x0000000706400000| PB 0x0000000706400000| Untracked 
|  15|0x0000000706600000, 0x0000000706600000, 0x0000000706800000|  0%| F|  |TAMS 0x0000000706600000| PB 0x0000000706600000| Untracked 
|  16|0x0000000706800000, 0x0000000706800000, 0x0000000706a00000|  0%| F|  |TAMS 0x0000000706800000| PB 0x0000000706800000| Untracked 
|  17|0x0000000706a00000, 0x0000000706a00000, 0x0000000706c00000|  0%| F|  |TAMS 0x0000000706a00000| PB 0x0000000706a00000| Untracked 
|  18|0x0000000706c00000, 0x0000000706c00000, 0x0000000706e00000|  0%| F|  |TAMS 0x0000000706c00000| PB 0x0000000706c00000| Untracked 
|  19|0x0000000706e00000, 0x0000000706e00000, 0x0000000707000000|  0%| F|  |TAMS 0x0000000706e00000| PB 0x0000000706e00000| Untracked 
|  20|0x0000000707000000, 0x0000000707000000, 0x0000000707200000|  0%| F|  |TAMS 0x0000000707000000| PB 0x0000000707000000| Untracked 
|  21|0x0000000707200000, 0x0000000707200000, 0x0000000707400000|  0%| F|  |TAMS 0x0000000707200000| PB 0x0000000707200000| Untracked 
|  22|0x0000000707400000, 0x0000000707400000, 0x0000000707600000|  0%| F|  |TAMS 0x0000000707400000| PB 0x0000000707400000| Untracked 
|  23|0x0000000707600000, 0x0000000707600000, 0x0000000707800000|  0%| F|  |TAMS 0x0000000707600000| PB 0x0000000707600000| Untracked 
|  24|0x0000000707800000, 0x0000000707800000, 0x0000000707a00000|  0%| F|  |TAMS 0x0000000707800000| PB 0x0000000707800000| Untracked 
|  25|0x0000000707a00000, 0x0000000707a00000, 0x0000000707c00000|  0%| F|  |TAMS 0x0000000707a00000| PB 0x0000000707a00000| Untracked 
|  26|0x0000000707c00000, 0x0000000707c00000, 0x0000000707e00000|  0%| F|  |TAMS 0x0000000707c00000| PB 0x0000000707c00000| Untracked 
|  27|0x0000000707e00000, 0x0000000707e00000, 0x0000000708000000|  0%| F|  |TAMS 0x0000000707e00000| PB 0x0000000707e00000| Untracked 
|  28|0x0000000708000000, 0x0000000708000000, 0x0000000708200000|  0%| F|  |TAMS 0x0000000708000000| PB 0x0000000708000000| Untracked 
|  29|0x0000000708200000, 0x0000000708200000, 0x0000000708400000|  0%| F|  |TAMS 0x0000000708200000| PB 0x0000000708200000| Untracked 
|  30|0x0000000708400000, 0x0000000708400000, 0x0000000708600000|  0%| F|  |TAMS 0x0000000708400000| PB 0x0000000708400000| Untracked 
|  31|0x0000000708600000, 0x0000000708600000, 0x0000000708800000|  0%| F|  |TAMS 0x0000000708600000| PB 0x0000000708600000| Untracked 
|  32|0x0000000708800000, 0x0000000708800000, 0x0000000708a00000|  0%| F|  |TAMS 0x0000000708800000| PB 0x0000000708800000| Untracked 
|  33|0x0000000708a00000, 0x0000000708a00000, 0x0000000708c00000|  0%| F|  |TAMS 0x0000000708a00000| PB 0x0000000708a00000| Untracked 
|  34|0x0000000708c00000, 0x0000000708c00000, 0x0000000708e00000|  0%| F|  |TAMS 0x0000000708c00000| PB 0x0000000708c00000| Untracked 
|  35|0x0000000708e00000, 0x0000000708e00000, 0x0000000709000000|  0%| F|  |TAMS 0x0000000708e00000| PB 0x0000000708e00000| Untracked 
|  36|0x0000000709000000, 0x0000000709000000, 0x0000000709200000|  0%| F|  |TAMS 0x0000000709000000| PB 0x0000000709000000| Untracked 
|  37|0x0000000709200000, 0x0000000709200000, 0x0000000709400000|  0%| F|  |TAMS 0x0000000709200000| PB 0x0000000709200000| Untracked 
|  38|0x0000000709400000, 0x0000000709400000, 0x0000000709600000|  0%| F|  |TAMS 0x0000000709400000| PB 0x0000000709400000| Untracked 
|  39|0x0000000709600000, 0x0000000709600000, 0x0000000709800000|  0%| F|  |TAMS 0x0000000709600000| PB 0x0000000709600000| Untracked 
|  40|0x0000000709800000, 0x0000000709800000, 0x0000000709a00000|  0%| F|  |TAMS 0x0000000709800000| PB 0x0000000709800000| Untracked 
|  41|0x0000000709a00000, 0x0000000709a00000, 0x0000000709c00000|  0%| F|  |TAMS 0x0000000709a00000| PB 0x0000000709a00000| Untracked 
|  42|0x0000000709c00000, 0x0000000709c00000, 0x0000000709e00000|  0%| F|  |TAMS 0x0000000709c00000| PB 0x0000000709c00000| Untracked 
|  43|0x0000000709e00000, 0x0000000709e00000, 0x000000070a000000|  0%| F|  |TAMS 0x0000000709e00000| PB 0x0000000709e00000| Untracked 
|  44|0x000000070a000000, 0x000000070a000000, 0x000000070a200000|  0%| F|  |TAMS 0x000000070a000000| PB 0x000000070a000000| Untracked 
|  45|0x000000070a200000, 0x000000070a200000, 0x000000070a400000|  0%| F|  |TAMS 0x000000070a200000| PB 0x000000070a200000| Untracked 
|  46|0x000000070a400000, 0x000000070a400000, 0x000000070a600000|  0%| F|  |TAMS 0x000000070a400000| PB 0x000000070a400000| Untracked 
|  47|0x000000070a600000, 0x000000070a600000, 0x000000070a800000|  0%| F|  |TAMS 0x000000070a600000| PB 0x000000070a600000| Untracked 
|  48|0x000000070a800000, 0x000000070a800000, 0x000000070aa00000|  0%| F|  |TAMS 0x000000070a800000| PB 0x000000070a800000| Untracked 
|  49|0x000000070aa00000, 0x000000070aa00000, 0x000000070ac00000|  0%| F|  |TAMS 0x000000070aa00000| PB 0x000000070aa00000| Untracked 
|  50|0x000000070ac00000, 0x000000070ac00000, 0x000000070ae00000|  0%| F|  |TAMS 0x000000070ac00000| PB 0x000000070ac00000| Untracked 
|  51|0x000000070ae00000, 0x000000070ae00000, 0x000000070b000000|  0%| F|  |TAMS 0x000000070ae00000| PB 0x000000070ae00000| Untracked 
|  52|0x000000070b000000, 0x000000070b000000, 0x000000070b200000|  0%| F|  |TAMS 0x000000070b000000| PB 0x000000070b000000| Untracked 
|  53|0x000000070b200000, 0x000000070b200000, 0x000000070b400000|  0%| F|  |TAMS 0x000000070b200000| PB 0x000000070b200000| Untracked 
|  54|0x000000070b400000, 0x000000070b400000, 0x000000070b600000|  0%| F|  |TAMS 0x000000070b400000| PB 0x000000070b400000| Untracked 
|  55|0x000000070b600000, 0x000000070b600000, 0x000000070b800000|  0%| F|  |TAMS 0x000000070b600000| PB 0x000000070b600000| Untracked 
|  56|0x000000070b800000, 0x000000070b800000, 0x000000070ba00000|  0%| F|  |TAMS 0x000000070b800000| PB 0x000000070b800000| Untracked 
|  57|0x000000070ba00000, 0x000000070ba00000, 0x000000070bc00000|  0%| F|  |TAMS 0x000000070ba00000| PB 0x000000070ba00000| Untracked 
|  58|0x000000070bc00000, 0x000000070bc00000, 0x000000070be00000|  0%| F|  |TAMS 0x000000070bc00000| PB 0x000000070bc00000| Untracked 
|  59|0x000000070be00000, 0x000000070be00000, 0x000000070c000000|  0%| F|  |TAMS 0x000000070be00000| PB 0x000000070be00000| Untracked 
|  60|0x000000070c000000, 0x000000070c000000, 0x000000070c200000|  0%| F|  |TAMS 0x000000070c000000| PB 0x000000070c000000| Untracked 
|  61|0x000000070c200000, 0x000000070c200000, 0x000000070c400000|  0%| F|  |TAMS 0x000000070c200000| PB 0x000000070c200000| Untracked 
|  62|0x000000070c400000, 0x000000070c400000, 0x000000070c600000|  0%| F|  |TAMS 0x000000070c400000| PB 0x000000070c400000| Untracked 
|  63|0x000000070c600000, 0x000000070c600000, 0x000000070c800000|  0%| F|  |TAMS 0x000000070c600000| PB 0x000000070c600000| Untracked 
|  64|0x000000070c800000, 0x000000070c800000, 0x000000070ca00000|  0%| F|  |TAMS 0x000000070c800000| PB 0x000000070c800000| Untracked 
|  65|0x000000070ca00000, 0x000000070ca00000, 0x000000070cc00000|  0%| F|  |TAMS 0x000000070ca00000| PB 0x000000070ca00000| Untracked 
|  66|0x000000070cc00000, 0x000000070cc00000, 0x000000070ce00000|  0%| F|  |TAMS 0x000000070cc00000| PB 0x000000070cc00000| Untracked 
|  67|0x000000070ce00000, 0x000000070ce00000, 0x000000070d000000|  0%| F|  |TAMS 0x000000070ce00000| PB 0x000000070ce00000| Untracked 
|  68|0x000000070d000000, 0x000000070d000000, 0x000000070d200000|  0%| F|  |TAMS 0x000000070d000000| PB 0x000000070d000000| Untracked 
|  69|0x000000070d200000, 0x000000070d200000, 0x000000070d400000|  0%| F|  |TAMS 0x000000070d200000| PB 0x000000070d200000| Untracked 
|  70|0x000000070d400000, 0x000000070d400000, 0x000000070d600000|  0%| F|  |TAMS 0x000000070d400000| PB 0x000000070d400000| Untracked 
|  71|0x000000070d600000, 0x000000070d600000, 0x000000070d800000|  0%| F|  |TAMS 0x000000070d600000| PB 0x000000070d600000| Untracked 
|  72|0x000000070d800000, 0x000000070d800000, 0x000000070da00000|  0%| F|  |TAMS 0x000000070d800000| PB 0x000000070d800000| Untracked 
|  73|0x000000070da00000, 0x000000070da00000, 0x000000070dc00000|  0%| F|  |TAMS 0x000000070da00000| PB 0x000000070da00000| Untracked 
|  74|0x000000070dc00000, 0x000000070dc00000, 0x000000070de00000|  0%| F|  |TAMS 0x000000070dc00000| PB 0x000000070dc00000| Untracked 
|  75|0x000000070de00000, 0x000000070de00000, 0x000000070e000000|  0%| F|  |TAMS 0x000000070de00000| PB 0x000000070de00000| Untracked 
|  76|0x000000070e000000, 0x000000070e000000, 0x000000070e200000|  0%| F|  |TAMS 0x000000070e000000| PB 0x000000070e000000| Untracked 
|  77|0x000000070e200000, 0x000000070e200000, 0x000000070e400000|  0%| F|  |TAMS 0x000000070e200000| PB 0x000000070e200000| Untracked 
|  78|0x000000070e400000, 0x000000070e400000, 0x000000070e600000|  0%| F|  |TAMS 0x000000070e400000| PB 0x000000070e400000| Untracked 
|  79|0x000000070e600000, 0x000000070e600000, 0x000000070e800000|  0%| F|  |TAMS 0x000000070e600000| PB 0x000000070e600000| Untracked 
|  80|0x000000070e800000, 0x000000070e800000, 0x000000070ea00000|  0%| F|  |TAMS 0x000000070e800000| PB 0x000000070e800000| Untracked 
|  81|0x000000070ea00000, 0x000000070ea00000, 0x000000070ec00000|  0%| F|  |TAMS 0x000000070ea00000| PB 0x000000070ea00000| Untracked 
|  82|0x000000070ec00000, 0x000000070ec00000, 0x000000070ee00000|  0%| F|  |TAMS 0x000000070ec00000| PB 0x000000070ec00000| Untracked 
|  83|0x000000070ee00000, 0x000000070ee00000, 0x000000070f000000|  0%| F|  |TAMS 0x000000070ee00000| PB 0x000000070ee00000| Untracked 
|  84|0x000000070f000000, 0x000000070f000000, 0x000000070f200000|  0%| F|  |TAMS 0x000000070f000000| PB 0x000000070f000000| Untracked 
|  85|0x000000070f200000, 0x000000070f200000, 0x000000070f400000|  0%| F|  |TAMS 0x000000070f200000| PB 0x000000070f200000| Untracked 
|  86|0x000000070f400000, 0x000000070f400000, 0x000000070f600000|  0%| F|  |TAMS 0x000000070f400000| PB 0x000000070f400000| Untracked 
|  87|0x000000070f600000, 0x000000070f600000, 0x000000070f800000|  0%| F|  |TAMS 0x000000070f600000| PB 0x000000070f600000| Untracked 
|  88|0x000000070f800000, 0x000000070f800000, 0x000000070fa00000|  0%| F|  |TAMS 0x000000070f800000| PB 0x000000070f800000| Untracked 
|  89|0x000000070fa00000, 0x000000070fa00000, 0x000000070fc00000|  0%| F|  |TAMS 0x000000070fa00000| PB 0x000000070fa00000| Untracked 
|  90|0x000000070fc00000, 0x000000070fc00000, 0x000000070fe00000|  0%| F|  |TAMS 0x000000070fc00000| PB 0x000000070fc00000| Untracked 
|  91|0x000000070fe00000, 0x000000070fe00000, 0x0000000710000000|  0%| F|  |TAMS 0x000000070fe00000| PB 0x000000070fe00000| Untracked 
|  92|0x0000000710000000, 0x0000000710000000, 0x0000000710200000|  0%| F|  |TAMS 0x0000000710000000| PB 0x0000000710000000| Untracked 
|  93|0x0000000710200000, 0x0000000710200000, 0x0000000710400000|  0%| F|  |TAMS 0x0000000710200000| PB 0x0000000710200000| Untracked 
|  94|0x0000000710400000, 0x0000000710400000, 0x0000000710600000|  0%| F|  |TAMS 0x0000000710400000| PB 0x0000000710400000| Untracked 
|  95|0x0000000710600000, 0x0000000710600000, 0x0000000710800000|  0%| F|  |TAMS 0x0000000710600000| PB 0x0000000710600000| Untracked 
|  96|0x0000000710800000, 0x0000000710800000, 0x0000000710a00000|  0%| F|  |TAMS 0x0000000710800000| PB 0x0000000710800000| Untracked 
|  97|0x0000000710a00000, 0x0000000710a00000, 0x0000000710c00000|  0%| F|  |TAMS 0x0000000710a00000| PB 0x0000000710a00000| Untracked 
|  98|0x0000000710c00000, 0x0000000710c00000, 0x0000000710e00000|  0%| F|  |TAMS 0x0000000710c00000| PB 0x0000000710c00000| Untracked 
|  99|0x0000000710e00000, 0x0000000710e00000, 0x0000000711000000|  0%| F|  |TAMS 0x0000000710e00000| PB 0x0000000710e00000| Untracked 
| 100|0x0000000711000000, 0x0000000711000000, 0x0000000711200000|  0%| F|  |TAMS 0x0000000711000000| PB 0x0000000711000000| Untracked 
| 101|0x0000000711200000, 0x0000000711200000, 0x0000000711400000|  0%| F|  |TAMS 0x0000000711200000| PB 0x0000000711200000| Untracked 
| 102|0x0000000711400000, 0x0000000711400000, 0x0000000711600000|  0%| F|  |TAMS 0x0000000711400000| PB 0x0000000711400000| Untracked 
| 103|0x0000000711600000, 0x0000000711600000, 0x0000000711800000|  0%| F|  |TAMS 0x0000000711600000| PB 0x0000000711600000| Untracked 
| 104|0x0000000711800000, 0x0000000711800000, 0x0000000711a00000|  0%| F|  |TAMS 0x0000000711800000| PB 0x0000000711800000| Untracked 
| 105|0x0000000711a00000, 0x0000000711a00000, 0x0000000711c00000|  0%| F|  |TAMS 0x0000000711a00000| PB 0x0000000711a00000| Untracked 
| 106|0x0000000711c00000, 0x0000000711c00000, 0x0000000711e00000|  0%| F|  |TAMS 0x0000000711c00000| PB 0x0000000711c00000| Untracked 
| 107|0x0000000711e00000, 0x0000000711e00000, 0x0000000712000000|  0%| F|  |TAMS 0x0000000711e00000| PB 0x0000000711e00000| Untracked 
| 108|0x0000000712000000, 0x0000000712000000, 0x0000000712200000|  0%| F|  |TAMS 0x0000000712000000| PB 0x0000000712000000| Untracked 
| 109|0x0000000712200000, 0x0000000712200000, 0x0000000712400000|  0%| F|  |TAMS 0x0000000712200000| PB 0x0000000712200000| Untracked 
| 110|0x0000000712400000, 0x0000000712400000, 0x0000000712600000|  0%| F|  |TAMS 0x0000000712400000| PB 0x0000000712400000| Untracked 
| 111|0x0000000712600000, 0x0000000712600000, 0x0000000712800000|  0%| F|  |TAMS 0x0000000712600000| PB 0x0000000712600000| Untracked 
| 112|0x0000000712800000, 0x0000000712800000, 0x0000000712a00000|  0%| F|  |TAMS 0x0000000712800000| PB 0x0000000712800000| Untracked 
| 113|0x0000000712a00000, 0x0000000712a00000, 0x0000000712c00000|  0%| F|  |TAMS 0x0000000712a00000| PB 0x0000000712a00000| Untracked 
| 114|0x0000000712c00000, 0x0000000712c00000, 0x0000000712e00000|  0%| F|  |TAMS 0x0000000712c00000| PB 0x0000000712c00000| Untracked 
| 115|0x0000000712e00000, 0x0000000712e00000, 0x0000000713000000|  0%| F|  |TAMS 0x0000000712e00000| PB 0x0000000712e00000| Untracked 
| 116|0x0000000713000000, 0x00000007130757a0, 0x0000000713200000| 22%| E|  |TAMS 0x0000000713000000| PB 0x0000000713000000| Complete 
| 117|0x0000000713200000, 0x0000000713400000, 0x0000000713400000|100%| E|CS|TAMS 0x0000000713200000| PB 0x0000000713200000| Complete 
| 118|0x0000000713400000, 0x0000000713600000, 0x0000000713600000|100%| E|CS|TAMS 0x0000000713400000| PB 0x0000000713400000| Complete 
| 119|0x0000000713600000, 0x0000000713800000, 0x0000000713800000|100%| E|CS|TAMS 0x0000000713600000| PB 0x0000000713600000| Complete 
| 120|0x0000000713800000, 0x0000000713a00000, 0x0000000713a00000|100%| E|CS|TAMS 0x0000000713800000| PB 0x0000000713800000| Complete 
| 121|0x0000000713a00000, 0x0000000713c00000, 0x0000000713c00000|100%| E|CS|TAMS 0x0000000713a00000| PB 0x0000000713a00000| Complete 
| 122|0x0000000713c00000, 0x0000000713e00000, 0x0000000713e00000|100%| E|CS|TAMS 0x0000000713c00000| PB 0x0000000713c00000| Complete 
| 123|0x0000000713e00000, 0x0000000714000000, 0x0000000714000000|100%| E|CS|TAMS 0x0000000713e00000| PB 0x0000000713e00000| Complete 
| 124|0x0000000714000000, 0x0000000714200000, 0x0000000714200000|100%| E|CS|TAMS 0x0000000714000000| PB 0x0000000714000000| Complete 
| 125|0x0000000714200000, 0x0000000714400000, 0x0000000714400000|100%| E|CS|TAMS 0x0000000714200000| PB 0x0000000714200000| Complete 

Card table byte_map: [0x00000196f5b00000,0x00000196f62e0000] _byte_map_base: 0x00000196f22dc000

Marking Bits: (CMBitMap*) 0x00000196ecd81170
 Bits: [0x00000196f6ac0000, 0x00000196fa9a0000)

Polling page: 0x00000196eac10000

Metaspace:

Usage:
  Non-class:     11.26 MB used.
      Class:      1.37 MB used.
       Both:     12.63 MB used.

Virtual space:
  Non-class space:       64.00 MB reserved,      11.38 MB ( 18%) committed,  1 nodes.
      Class space:        1.00 GB reserved,       1.44 MB ( <1%) committed,  1 nodes.
             Both:        1.06 GB reserved,      12.81 MB (  1%) committed. 

Chunk freelists:
   Non-Class:  224.00 KB
       Class:  2.58 MB
        Both:  2.80 MB

MaxMetaspaceSize: unlimited
CompressedClassSpaceSize: 1.00 GB
Initial GC threshold: 21.00 MB
Current GC threshold: 21.00 MB
CDS: on
MetaspaceReclaimPolicy: balanced
 - commit_granule_bytes: 65536.
 - commit_granule_words: 8192.
 - virtual_space_node_default_size: 8388608.
 - enlarge_chunks_in_place: 1.
 - new_chunks_are_fully_committed: 0.
 - uncommit_free_chunks: 1.
 - use_allocation_guard: 0.


Internal statistics:

num_allocs_failed_limit: 0.
num_arena_births: 158.
num_arena_deaths: 0.
num_vsnodes_births: 2.
num_vsnodes_deaths: 0.
num_space_committed: 205.
num_space_uncommitted: 0.
num_chunks_returned_to_freelist: 0.
num_chunks_taken_from_freelist: 314.
num_chunk_merges: 0.
num_chunk_splits: 200.
num_chunks_enlarged: 118.
num_inconsistent_stats: 0.

CodeHeap 'non-profiled nmethods': size=120000Kb used=498Kb max_used=498Kb free=119501Kb
 bounds [0x0000019687ad0000, 0x0000019687d40000, 0x000001968f000000]
CodeHeap 'profiled nmethods': size=120000Kb used=2149Kb max_used=2149Kb free=117850Kb
 bounds [0x0000019680000000, 0x0000019680270000, 0x0000019687530000]
CodeHeap 'non-nmethods': size=5760Kb used=1611Kb max_used=1640Kb free=4148Kb
 bounds [0x0000019687530000, 0x00000196877a0000, 0x0000019687ad0000]
 total_blobs=1957 nmethods=1342 adapters=526
 compilation: enabled
              stopped_count=0, restarted_count=0
 full_count=0

Compilation events (20 events):
Event: 0.895 Thread 0x00000196fd752c00 1306       3       java.util.stream.AbstractPipeline::<init> (91 bytes)
Event: 0.895 Thread 0x00000196fd752c00 nmethod 1306 0x0000019680206e10 code [0x0000019680207000, 0x0000019680207688]
Event: 0.895 Thread 0x00000196fd752c00 1307       3       java.util.stream.Sink$ChainedReference::end (10 bytes)
Event: 0.896 Thread 0x00000196fd752c00 nmethod 1307 0x0000019680207890 code [0x0000019680207a20, 0x0000019680207bf8]
Event: 0.897 Thread 0x00000196fd752c00 1309       3       java.lang.invoke.VarHandleGuards::guard_LIJ_V (135 bytes)
Event: 0.900 Thread 0x00000196fd752c00 nmethod 1309 0x0000019680207c90 code [0x0000019680208080, 0x000001968020a630]
Event: 0.900 Thread 0x00000196fd752c00 1310       3       java.lang.invoke.VarHandleByteArrayAsLongs$ArrayHandle::set (39 bytes)
Event: 0.900 Thread 0x00000196fd7552f0 nmethod 1290 0x0000019687b44a10 code [0x0000019687b44be0, 0x0000019687b45708]
Event: 0.900 Thread 0x00000196fd7552f0 1297       4       java.math.BigInteger::implMulAdd (81 bytes)
Event: 0.901 Thread 0x00000196fd752c00 nmethod 1310 0x000001968020b110 code [0x000001968020b2c0, 0x000001968020b6e8]
Event: 0.904 Thread 0x00000196fd7552f0 nmethod 1297 0x0000019687b45e90 code [0x0000019687b46000, 0x0000019687b46260]
Event: 0.904 Thread 0x00000196fd7552f0 1303       4       sun.security.provider.SHA5::lf_sigma1 (21 bytes)
Event: 0.905 Thread 0x00000196fd7552f0 nmethod 1303 0x0000019687b46390 code [0x0000019687b46500, 0x0000019687b46580]
Event: 0.905 Thread 0x00000196fd7552f0 1311       4       sun.security.provider.SHA5::lf_sigma0 (21 bytes)
Event: 0.905 Thread 0x00000196fd7552f0 nmethod 1311 0x0000019687b46690 code [0x0000019687b46800, 0x0000019687b46880]
Event: 0.905 Thread 0x00000196fd7552f0 1300       4       java.lang.Long::reverseBytes (46 bytes)
Event: 0.905 Thread 0x00000196fd7552f0 nmethod 1300 0x0000019687b46990 code [0x0000019687b46b00, 0x0000019687b46bb8]
Event: 0.906 Thread 0x00000196fd754240 nmethod 1283 0x0000019687b46c90 code [0x0000019687b46e40, 0x0000019687b48550]
Event: 0.959 Thread 0x00000196fd752c00 1313       3       java.util.WeakHashMap::remove (131 bytes)
Event: 1.185 Thread 0x00000196fd752c00 nmethod 1313 0x000001968020b890 code [0x000001968020bac0, 0x000001968020c640]

GC Heap History (0 events):
No events

Dll operation events (9 events):
Event: 0.011 Loaded shared library C:\Program Files\Java\jdk-20\bin\java.dll
Event: 0.020 Loaded shared library C:\Program Files\Java\jdk-20\bin\jsvml.dll
Event: 0.061 Loaded shared library C:\Program Files\Java\jdk-20\bin\net.dll
Event: 0.063 Loaded shared library C:\Program Files\Java\jdk-20\bin\nio.dll
Event: 0.084 Loaded shared library C:\Program Files\Java\jdk-20\bin\zip.dll
Event: 0.098 Loaded shared library C:\Program Files\Java\jdk-20\bin\jimage.dll
Event: 0.115 Loaded shared library C:\Program Files\Java\jdk-20\bin\awt.dll
Event: 0.516 Loaded shared library C:\Program Files\Java\jdk-20\bin\extnet.dll
Event: 0.613 Loaded shared library C:\Program Files\Java\jdk-20\bin\sunmscapi.dll

Deoptimization events (20 events):
Event: 0.656 Thread 0x00000196ecd0d870 Uncommon trap: trap_request=0xffffffc6 fr.pc=0x0000019687b1ccb8 relative=0x00000000000002f8
Event: 0.656 Thread 0x00000196ecd0d870 Uncommon trap: reason=bimorphic_or_optimized_type_check action=maybe_recompile pc=0x0000019687b1ccb8 method=java.util.concurrent.ConcurrentHashMap.get(Ljava/lang/Object;)Ljava/lang/Object; @ 149 c2
Event: 0.656 Thread 0x00000196ecd0d870 DEOPT PACKING pc=0x0000019687b1ccb8 sp=0x0000006b7fcfc030
Event: 0.656 Thread 0x00000196ecd0d870 DEOPT UNPACKING pc=0x0000019687599d22 sp=0x0000006b7fcfbfa0 mode 2
Event: 0.660 Thread 0x00000196ecd0d870 Uncommon trap: trap_request=0xffffffc6 fr.pc=0x0000019687b1ccb8 relative=0x00000000000002f8
Event: 0.660 Thread 0x00000196ecd0d870 Uncommon trap: reason=bimorphic_or_optimized_type_check action=maybe_recompile pc=0x0000019687b1ccb8 method=java.util.concurrent.ConcurrentHashMap.get(Ljava/lang/Object;)Ljava/lang/Object; @ 149 c2
Event: 0.660 Thread 0x00000196ecd0d870 DEOPT PACKING pc=0x0000019687b1ccb8 sp=0x0000006b7fcfcbc0
Event: 0.660 Thread 0x00000196ecd0d870 DEOPT UNPACKING pc=0x0000019687599d22 sp=0x0000006b7fcfcb30 mode 2
Event: 0.661 Thread 0x00000196ecd0d870 Uncommon trap: trap_request=0xffffffc6 fr.pc=0x0000019687b1ccb8 relative=0x00000000000002f8
Event: 0.661 Thread 0x00000196ecd0d870 Uncommon trap: reason=bimorphic_or_optimized_type_check action=maybe_recompile pc=0x0000019687b1ccb8 method=java.util.concurrent.ConcurrentHashMap.get(Ljava/lang/Object;)Ljava/lang/Object; @ 149 c2
Event: 0.661 Thread 0x00000196ecd0d870 DEOPT PACKING pc=0x0000019687b1ccb8 sp=0x0000006b7fcfc850
Event: 0.661 Thread 0x00000196ecd0d870 DEOPT UNPACKING pc=0x0000019687599d22 sp=0x0000006b7fcfc7c0 mode 2
Event: 0.750 Thread 0x00000196ecd0d870 Uncommon trap: trap_request=0xffffff45 fr.pc=0x0000019687b2879c relative=0x000000000000027c
Event: 0.750 Thread 0x00000196ecd0d870 Uncommon trap: reason=unstable_if action=reinterpret pc=0x0000019687b2879c method=java.util.HashMap.putVal(ILjava/lang/Object;Ljava/lang/Object;ZZ)Ljava/lang/Object; @ 162 c2
Event: 0.750 Thread 0x00000196ecd0d870 DEOPT PACKING pc=0x0000019687b2879c sp=0x0000006b7fcfc6c0
Event: 0.750 Thread 0x00000196ecd0d870 DEOPT UNPACKING pc=0x0000019687599d22 sp=0x0000006b7fcfc5f8 mode 2
Event: 0.869 Thread 0x00000196ecd0d870 Uncommon trap: trap_request=0xffffff45 fr.pc=0x0000019687b14850 relative=0x0000000000000150
Event: 0.869 Thread 0x00000196ecd0d870 Uncommon trap: reason=unstable_if action=reinterpret pc=0x0000019687b14850 method=java.util.concurrent.locks.ReentrantLock$NonfairSync.initialTryLock()Z @ 10 c2
Event: 0.869 Thread 0x00000196ecd0d870 DEOPT PACKING pc=0x0000019687b14850 sp=0x0000006b7fcfe660
Event: 0.869 Thread 0x00000196ecd0d870 DEOPT UNPACKING pc=0x0000019687599d22 sp=0x0000006b7fcfe608 mode 2

Classes loaded (20 events):
Event: 0.893 Loading class java/util/stream/DistinctOps$1
Event: 0.893 Loading class java/util/stream/ReferencePipeline$StatefulOp
Event: 0.893 Loading class java/util/stream/ReferencePipeline$StatefulOp done
Event: 0.893 Loading class java/util/stream/DistinctOps$1 done
Event: 0.895 Loading class java/util/stream/DistinctOps$1$2
Event: 0.895 Loading class java/util/stream/DistinctOps$1$2 done
Event: 0.895 Loading class sun/security/ssl/X509Authentication
Event: 0.895 Loading class sun/security/ssl/SSLAuthentication
Event: 0.895 Loading class sun/security/ssl/SSLAuthentication done
Event: 0.895 Loading class sun/security/ssl/X509Authentication done
Event: 0.895 Loading class com/sun/crypto/provider/GaloisCounterMode$GCMEncrypt
Event: 0.896 Loading class com/sun/crypto/provider/GaloisCounterMode$GCMEncrypt done
Event: 0.896 Loading class com/sun/crypto/provider/GaloisCounterMode$EncryptOp
Event: 0.896 Loading class com/sun/crypto/provider/GaloisCounterMode$EncryptOp done
Event: 0.896 Loading class sun/security/ssl/X509Authentication$X509Possession
Event: 0.896 Loading class sun/security/ssl/X509Authentication$X509Possession done
Event: 0.898 Loading class javax/net/ssl/SSLEngineResult$HandshakeStatus
Event: 0.898 Loading class javax/net/ssl/SSLEngineResult$HandshakeStatus done
Event: 0.898 Loading class jdk/internal/event/TLSHandshakeEvent
Event: 0.899 Loading class jdk/internal/event/TLSHandshakeEvent done

Classes unloaded (0 events):
No events

Classes redefined (0 events):
No events

Internal exceptions (20 events):
Event: 0.066 Thread 0x00000196ecd0d870 Exception <a 'sun/nio/fs/WindowsException'{0x000000071439e868}> (0x000000071439e868) 
thrown [s\open\src\hotspot\share\prims\jni.cpp, line 519]
Event: 0.066 Thread 0x00000196ecd0d870 Exception <a 'sun/nio/fs/WindowsException'{0x000000071439f3f0}> (0x000000071439f3f0) 
thrown [s\open\src\hotspot\share\prims\jni.cpp, line 519]
Event: 0.105 Thread 0x00000196ecd0d870 Exception <a 'java/lang/ClassNotFoundException'{0x0000000714117960}: sun/awt/resources/spi/awtProvider> (0x0000000714117960) 
thrown [s\open\src\hotspot\share\classfile\systemDictionary.cpp, line 305]
Event: 0.127 Thread 0x00000196ecd0d870 Exception <a 'java/io/FileNotFoundException'{0x000000071416e2e0}> (0x000000071416e2e0) 
thrown [s\open\src\hotspot\share\prims\jni.cpp, line 519]
Event: 0.134 Thread 0x00000196ecd0d870 Exception <a 'java/io/FileNotFoundException'{0x0000000714198270}> (0x0000000714198270) 
thrown [s\open\src\hotspot\share\prims\jni.cpp, line 519]
Event: 0.198 Thread 0x00000196ecd0d870 Exception <a 'java/lang/NoSuchMethodError'{0x0000000713f0ebc8}: 'void java.lang.invoke.DirectMethodHandle$Holder.invokeSpecial(java.lang.Object, java.lang.Object, java.lang.Object)'> (0x0000000713f0ebc8) 
thrown [s\open\src\hotspot\share\interpreter\linkResolver.cpp, line 773]
Event: 0.205 Thread 0x00000196ecd0d870 Exception <a 'java/lang/NoSuchMethodError'{0x0000000713f392e0}: 'java.lang.Object java.lang.invoke.DirectMethodHandle$Holder.newInvokeSpecial(java.lang.Object, java.lang.Object, java.lang.Object, java.lang.Object, java.lang.Object)'> (0x0000000713f392e0) 
thrown [s\open\src\hotspot\share\interpreter\linkResolver.cpp, line 773]
Event: 0.210 Thread 0x00000196ecd0d870 Exception <a 'java/lang/NoSuchMethodError'{0x0000000713f69de8}: 'java.lang.Object java.lang.invoke.DirectMethodHandle$Holder.invokeStatic(java.lang.Object, int, java.lang.Object)'> (0x0000000713f69de8) 
thrown [s\open\src\hotspot\share\interpreter\linkResolver.cpp, line 773]
Event: 0.229 Thread 0x00000196ecd0d870 Exception <a 'java/lang/ClassNotFoundException'{0x0000000713c25890}: com/sun/swing/internal/plaf/metal/resources/spi/metalProvider> (0x0000000713c25890) 
thrown [s\open\src\hotspot\share\classfile\systemDictionary.cpp, line 305]
Event: 0.229 Thread 0x00000196ecd0d870 Exception <a 'java/lang/ClassNotFoundException'{0x0000000713c297f0}: com/sun/swing/internal/plaf/basic/resources/spi/basicProvider> (0x0000000713c297f0) 
thrown [s\open\src\hotspot\share\classfile\systemDictionary.cpp, line 305]
Event: 0.238 Thread 0x00000196ecd0d870 Exception <a 'java/lang/NoSuchMethodError'{0x0000000713c48970}: 'int java.lang.invoke.Invokers$Holder.invokeExact_MT(java.lang.Object, java.lang.Object)'> (0x0000000713c48970) 
thrown [s\open\src\hotspot\share\interpreter\linkResolver.cpp, line 773]
Event: 0.369 Thread 0x00000196ecd0d870 Exception <a 'java/lang/NoSuchMethodError'{0x0000000713d9a130}: 'java.lang.Object java.lang.invoke.DirectMethodHandle$Holder.invokeInterface(java.lang.Object, java.lang.Object)'> (0x0000000713d9a130) 
thrown [s\open\src\hotspot\share\interpreter\linkResolver.cpp, line 773]
Event: 0.402 Thread 0x00000196ecd0d870 Exception <a 'java/lang/NoSuchMethodError'{0x0000000713a12a78}: 'void java.lang.invoke.DirectMethodHandle$Holder.invokeStatic(java.lang.Object, java.lang.Object, java.lang.Object)'> (0x0000000713a12a78) 
thrown [s\open\src\hotspot\share\interpreter\linkResolver.cpp, line 773]
Event: 0.405 Thread 0x00000196ecd0d870 Exception <a 'java/lang/NoSuchMethodError'{0x0000000713a20b08}: 'java.lang.Object java.lang.invoke.DirectMethodHandle$Holder.invokeVirtual(java.lang.Object, java.lang.Object, java.lang.Object)'> (0x0000000713a20b08) 
thrown [s\open\src\hotspot\share\interpreter\linkResolver.cpp, line 773]
Event: 0.518 Thread 0x00000196ecd0d870 Exception <a 'java/lang/NoSuchMethodError'{0x0000000713916880}: 'void java.lang.invoke.DirectMethodHandle$Holder.invokeStatic(java.lang.Object, java.lang.Object)'> (0x0000000713916880) 
thrown [s\open\src\hotspot\share\interpreter\linkResolver.cpp, line 773]
Event: 0.589 Thread 0x00000196ecd0d870 Exception <a 'java/lang/NoSuchMethodError'{0x00000007136d07b8}: 'void java.lang.invoke.DirectMethodHandle$Holder.invokeStaticInit(java.lang.Object, java.lang.Object)'> (0x00000007136d07b8) 
thrown [s\open\src\hotspot\share\interpreter\linkResolver.cpp, line 773]
Event: 0.645 Thread 0x00000196ecd0d870 Exception <a 'sun/nio/fs/WindowsException'{0x00000007134275b8}> (0x00000007134275b8) 
thrown [s\open\src\hotspot\share\prims\jni.cpp, line 519]
Event: 0.675 Thread 0x00000196ecd0d870 Exception <a 'java/lang/NoSuchMethodError'{0x00000007134da1d0}: 'java.lang.Object java.lang.invoke.DirectMethodHandle$Holder.invokeStaticInit(java.lang.Object, int, int, int, int)'> (0x00000007134da1d0) 
thrown [s\open\src\hotspot\share\interpreter\linkResolver.cpp, line 773]
Event: 0.739 Thread 0x00000196ecd0d870 Exception <a 'java/lang/NoSuchMethodError'{0x00000007135593c0}: 'java.lang.Object java.lang.invoke.DirectMethodHandle$Holder.invokeStaticInit(java.lang.Object, java.lang.Object, int, int, int, int)'> (0x00000007135593c0) 
thrown [s\open\src\hotspot\share\interpreter\linkResolver.cpp, line 773]
Event: 0.862 Thread 0x00000196ecd0d870 Exception <a 'java/lang/NoSuchMethodError'{0x00000007132b5198}: 'void java.lang.invoke.DirectMethodHandle$Holder.invokeVirtual(java.lang.Object, java.lang.Object)'> (0x00000007132b5198) 
thrown [s\open\src\hotspot\share\interpreter\linkResolver.cpp, line 773]

VM Operations (16 events):
Event: 0.067 Executing VM operation: HandshakeAllThreads
Event: 0.067 Executing VM operation: HandshakeAllThreads done
Event: 0.142 Executing VM operation: HandshakeAllThreads
Event: 0.142 Executing VM operation: HandshakeAllThreads done
Event: 0.329 Executing VM operation: HandshakeAllThreads
Event: 0.329 Executing VM operation: HandshakeAllThreads done
Event: 0.346 Executing VM operation: HandshakeAllThreads
Event: 0.346 Executing VM operation: HandshakeAllThreads done
Event: 0.501 Executing VM operation: HandshakeAllThreads
Event: 0.501 Executing VM operation: HandshakeAllThreads done
Event: 0.650 Executing VM operation: HandshakeAllThreads
Event: 0.650 Executing VM operation: HandshakeAllThreads done
Event: 0.673 Executing VM operation: ICBufferFull
Event: 0.674 Executing VM operation: ICBufferFull done
Event: 0.874 Executing VM operation: HandshakeAllThreads
Event: 0.874 Executing VM operation: HandshakeAllThreads done

Events (17 events):
Event: 0.020 Thread 0x00000196ecd0d870 Thread added: 0x00000196ecd0d870
Event: 0.030 Thread 0x00000196fd6045d0 Thread added: 0x00000196fd6045d0
Event: 0.030 Thread 0x00000196fd605110 Thread added: 0x00000196fd605110
Event: 0.031 Thread 0x00000196fd60b520 Thread added: 0x00000196fd60b520
Event: 0.031 Thread 0x00000196fd60be60 Thread added: 0x00000196fd60be60
Event: 0.031 Thread 0x00000196fd60d4b0 Thread added: 0x00000196fd60d4b0
Event: 0.031 Thread 0x00000196fd616c40 Thread added: 0x00000196fd616c40
Event: 0.031 Thread 0x00000196fd63c1a0 Thread added: 0x00000196fd63c1a0
Event: 0.031 Thread 0x00000196fd752c00 Thread added: 0x00000196fd752c00
Event: 0.051 Thread 0x00000196fd871830 Thread added: 0x00000196fd871830
Event: 0.078 Thread 0x00000196fd92ddc0 Thread added: 0x00000196fd92ddc0
Event: 0.170 Thread 0x00000196fda49520 Thread added: 0x00000196fda49520
Event: 0.171 Thread 0x00000196fdad8ca0 Thread added: 0x00000196fdad8ca0
Event: 0.172 Thread 0x00000196fdb055b0 Thread added: 0x00000196fdb055b0
Event: 0.331 Thread 0x00000196fdb3f7b0 Thread added: 0x00000196fdb3f7b0
Event: 0.390 Thread 0x00000196fd7552f0 Thread added: 0x00000196fd7552f0
Event: 0.802 Thread 0x00000196fd754240 Thread added: 0x00000196fd754240


Dynamic libraries:
0x00007ff74daf0000 - 0x00007ff74db00000 	C:\Program Files\Java\jdk-20\bin\java.exe
0x00007ff960d80000 - 0x00007ff960fe3000 	C:\WINDOWS\SYSTEM32\ntdll.dll
0x00007ff95fc70000 - 0x00007ff95fd38000 	C:\WINDOWS\System32\KERNEL32.DLL
0x00007ff95e360000 - 0x00007ff95e712000 	C:\WINDOWS\System32\KERNELBASE.dll
0x00007ff95e210000 - 0x00007ff95e35b000 	C:\WINDOWS\System32\ucrtbase.dll
0x00007ff8f6950000 - 0x00007ff8f696b000 	C:\Program Files\Java\jdk-20\bin\VCRUNTIME140.dll
0x00007ff954d20000 - 0x00007ff954d39000 	C:\Program Files\Java\jdk-20\bin\jli.dll
0x00007ff9607a0000 - 0x00007ff960854000 	C:\WINDOWS\System32\ADVAPI32.dll
0x00007ff95f7e0000 - 0x00007ff95f889000 	C:\WINDOWS\System32\msvcrt.dll
0x00007ff95f730000 - 0x00007ff95f7d6000 	C:\WINDOWS\System32\sechost.dll
0x00007ff960680000 - 0x00007ff960796000 	C:\WINDOWS\System32\RPCRT4.dll
0x00007ff95ecf0000 - 0x00007ff95eeb8000 	C:\WINDOWS\System32\USER32.dll
0x00007ff95ea70000 - 0x00007ff95ea97000 	C:\WINDOWS\System32\win32u.dll
0x00007ff93c470000 - 0x00007ff93c700000 	C:\WINDOWS\WinSxS\amd64_microsoft.windows.common-controls_6595b64144ccf1df_6.0.26100.2454_none_3e0b68a2e331ad60\COMCTL32.dll
0x00007ff9605c0000 - 0x00007ff9605ea000 	C:\WINDOWS\System32\GDI32.dll
0x00007ff95e940000 - 0x00007ff95ea6b000 	C:\WINDOWS\System32\gdi32full.dll
0x00007ff95eb30000 - 0x00007ff95ebd3000 	C:\WINDOWS\System32\msvcp_win.dll
0x00007ff949a40000 - 0x00007ff949a4b000 	C:\WINDOWS\SYSTEM32\VERSION.dll
0x00007ff95f990000 - 0x00007ff95f9bf000 	C:\WINDOWS\System32\IMM32.DLL
0x00007ff9218b0000 - 0x00007ff9218bc000 	C:\Program Files\Java\jdk-20\bin\vcruntime140_1.dll
0x00007ff8b7580000 - 0x00007ff8b760e000 	C:\Program Files\Java\jdk-20\bin\msvcp140.dll
0x00007ff8b7890000 - 0x00007ff8b8527000 	C:\Program Files\Java\jdk-20\bin\server\jvm.dll
0x00007ff935780000 - 0x00007ff93578a000 	C:\WINDOWS\SYSTEM32\WSOCK32.dll
0x00007ff950970000 - 0x00007ff9509a6000 	C:\WINDOWS\SYSTEM32\WINMM.dll
0x00007ff95fbf0000 - 0x00007ff95fc64000 	C:\WINDOWS\System32\WS2_32.dll
0x00007ff95cf70000 - 0x00007ff95cf8a000 	C:\WINDOWS\SYSTEM32\kernel.appcore.dll
0x00007ff91fbd0000 - 0x00007ff91fbda000 	C:\Program Files\Java\jdk-20\bin\jimage.dll
0x00007ff95b9e0000 - 0x00007ff95bc21000 	C:\WINDOWS\SYSTEM32\DBGHELP.DLL
0x00007ff9609b0000 - 0x00007ff960d2e000 	C:\WINDOWS\System32\combase.dll
0x00007ff95f8b0000 - 0x00007ff95f986000 	C:\WINDOWS\System32\OLEAUT32.dll
0x00007ff9351f0000 - 0x00007ff935229000 	C:\WINDOWS\SYSTEM32\dbgcore.DLL
0x00007ff95e8a0000 - 0x00007ff95e939000 	C:\WINDOWS\System32\bcryptPrimitives.dll
0x00007ff8e6f20000 - 0x00007ff8e6f46000 	C:\Program Files\Java\jdk-20\bin\java.dll
0x00007ff8b77b0000 - 0x00007ff8b7887000 	C:\Program Files\Java\jdk-20\bin\jsvml.dll
0x00007ff95f000000 - 0x00007ff95f701000 	C:\WINDOWS\System32\SHELL32.dll
0x00007ff95be30000 - 0x00007ff95c661000 	C:\WINDOWS\SYSTEM32\windows.storage.dll
0x00007ff95ec10000 - 0x00007ff95ecea000 	C:\WINDOWS\System32\SHCORE.dll
0x00007ff95fb90000 - 0x00007ff95fbed000 	C:\WINDOWS\System32\shlwapi.dll
0x00007ff95e060000 - 0x00007ff95e08e000 	C:\WINDOWS\SYSTEM32\profapi.dll
0x00007ff8f6830000 - 0x00007ff8f6843000 	C:\Program Files\Java\jdk-20\bin\net.dll
0x00007ff956f20000 - 0x00007ff957046000 	C:\WINDOWS\SYSTEM32\WINHTTP.dll
0x00007ff95d490000 - 0x00007ff95d4f8000 	C:\WINDOWS\system32\mswsock.dll
0x00007ff8f6040000 - 0x00007ff8f6056000 	C:\Program Files\Java\jdk-20\bin\nio.dll
0x00007ff8f2d80000 - 0x00007ff8f2d98000 	C:\Program Files\Java\jdk-20\bin\zip.dll
0x00007ff8b7610000 - 0x00007ff8b77a1000 	C:\Program Files\Java\jdk-20\bin\awt.dll
0x00007ff957b60000 - 0x00007ff957bfc000 	C:\WINDOWS\SYSTEM32\apphelp.dll
0x00007ff95b190000 - 0x00007ff95b1be000 	C:\WINDOWS\system32\DWMAPI.DLL
0x00007ff95aca0000 - 0x00007ff95ad4d000 	C:\WINDOWS\system32\uxtheme.dll
0x00007ff8b7470000 - 0x00007ff8b757c000 	C:\WINDOWS\system32\opengl32.dll
0x00007ff8d6fe0000 - 0x00007ff8d700d000 	C:\WINDOWS\SYSTEM32\GLU32.dll
0x00007ff95b120000 - 0x00007ff95b167000 	C:\WINDOWS\SYSTEM32\dxcore.dll
0x00007ff95fa30000 - 0x00007ff95fb8c000 	C:\WINDOWS\System32\MSCTF.dll
0x00007ff95fd40000 - 0x00007ff95fed9000 	C:\WINDOWS\System32\ole32.dll
0x00007ff95c9c0000 - 0x00007ff95cae5000 	C:\WINDOWS\SYSTEM32\DNSAPI.dll
0x00007ff95c980000 - 0x00007ff95c9b2000 	C:\WINDOWS\SYSTEM32\IPHLPAPI.DLL
0x00007ff960670000 - 0x00007ff96067a000 	C:\WINDOWS\System32\NSI.dll
0x00007ff953d00000 - 0x00007ff953d0b000 	C:\Windows\System32\rasadhlp.dll
0x00007ff957c10000 - 0x00007ff957c95000 	C:\WINDOWS\System32\fwpuclnt.dll
0x00007ff91f370000 - 0x00007ff91f377000 	C:\Program Files\Java\jdk-20\bin\extnet.dll
0x00007ff93bf00000 - 0x00007ff93bf0e000 	C:\Program Files\Java\jdk-20\bin\sunmscapi.dll
0x00007ff95e720000 - 0x00007ff95e896000 	C:\WINDOWS\System32\CRYPT32.dll
0x00007ff95d930000 - 0x00007ff95d960000 	C:\WINDOWS\SYSTEM32\ncrypt.dll
0x00007ff95d8e0000 - 0x00007ff95d91f000 	C:\WINDOWS\SYSTEM32\NTASN1.dll
0x00007ff95d730000 - 0x00007ff95d74c000 	C:\WINDOWS\SYSTEM32\CRYPTSP.dll
0x00007ff95ced0000 - 0x00007ff95cf08000 	C:\WINDOWS\system32\rsaenh.dll
0x00007ff95d530000 - 0x00007ff95d55b000 	C:\WINDOWS\SYSTEM32\USERENV.dll
0x00007ff95d970000 - 0x00007ff95d996000 	C:\WINDOWS\SYSTEM32\bcrypt.dll
0x00007ff95d750000 - 0x00007ff95d75c000 	C:\WINDOWS\SYSTEM32\CRYPTBASE.dll
0x00007ff957210000 - 0x00007ff95722e000 	C:\WINDOWS\SYSTEM32\dhcpcsvc6.DLL
0x00007ff9571c0000 - 0x00007ff9571e5000 	C:\WINDOWS\SYSTEM32\dhcpcsvc.DLL

dbghelp: loaded successfully - version: 4.0.5 - missing functions: none
symbol engine: initialized successfully - sym options: 0x614 - pdb path: .;C:\Program Files\Java\jdk-20\bin;C:\WINDOWS\SYSTEM32;C:\WINDOWS\WinSxS\amd64_microsoft.windows.common-controls_6595b64144ccf1df_6.0.26100.2454_none_3e0b68a2e331ad60;C:\Program Files\Java\jdk-20\bin\server

VM Arguments:
jvm_args: -Dfile.encoding=UTF-8 --module-path=C:\Users\shwet\OneDrive\Documents\NetBeansProjects\PlacementManagement\build\classes 
java_command: university.management.system.teacherleavedetails
java_class_path (initial): C:\Users\shwet\Downloads\mysql-connector-java-8.0.28.jar;C:\Users\shwet\Downloads\Jar-20250127T134310Z-001\jcalendar-tz-1.3.3-4.jar;C:\Users\shwet\Downloads\Jar-20250127T134310Z-001\rs2xml.jar;C:\Users\shwet\OneDrive\Documents\NetBeansProjects\PlacementManagement\build\classes
Launcher Type: SUN_STANDARD

[Global flags]
     intx CICompilerCount                          = 4                                         {product} {ergonomic}
     uint ConcGCThreads                            = 3                                         {product} {ergonomic}
     uint G1ConcRefinementThreads                  = 10                                        {product} {ergonomic}
   size_t G1HeapRegionSize                         = 2097152                                   {product} {ergonomic}
    uintx GCDrainStackTargetSize                   = 64                                        {product} {ergonomic}
   size_t InitialHeapSize                          = 264241152                                 {product} {ergonomic}
   size_t MarkStackSize                            = 4194304                                   {product} {ergonomic}
   size_t MaxHeapSize                              = 4219469824                                {product} {ergonomic}
   size_t MaxNewSize                               = 2531262464                                {product} {ergonomic}
   size_t MinHeapDeltaBytes                        = 2097152                                   {product} {ergonomic}
   size_t MinHeapSize                              = 8388608                                   {product} {ergonomic}
    uintx NonNMethodCodeHeapSize                   = 5839372                                {pd product} {ergonomic}
    uintx NonProfiledCodeHeapSize                  = 122909434                              {pd product} {ergonomic}
    uintx ProfiledCodeHeapSize                     = 122909434                              {pd product} {ergonomic}
    uintx ReservedCodeCacheSize                    = 251658240                              {pd product} {ergonomic}
     bool SegmentedCodeCache                       = true                                      {product} {ergonomic}
   size_t SoftMaxHeapSize                          = 4219469824                             {manageable} {ergonomic}
     bool UseCompressedClassPointers               = true                           {product lp64_product} {ergonomic}
     bool UseCompressedOops                        = true                           {product lp64_product} {ergonomic}
     bool UseG1GC                                  = true                                      {product} {ergonomic}
     bool UseLargePagesIndividualAllocation        = false                                  {pd product} {ergonomic}

Logging:
Log output configuration:
 #0: stdout all=warning uptime,level,tags foldmultilines=false
 #1: stderr all=off uptime,level,tags foldmultilines=false

Environment Variables:
PATH=C:\Program Files\Firebase\firebase-tools-instant-win.exe;C:\Users\shwet\AppData\Local\Pub\Cache\bin;C:\Program Files\Common Files\Oracle\Java\javapath;C:\WINDOWS\system32;C:\WINDOWS;C:\WINDOWS\System32\Wbem;C:\WINDOWS\System32\WindowsPowerShell\v1.0\;C:\WINDOWS\System32\OpenSSH\;C:\Program Files (x86)\Windows Kits\10\Windows Performance Toolkit\;C:\Program Files\Git\cmd;C:\Program Files\MySQL\MySQL Server 8.0\bin;C:\Program Files\HP\HP One Agent;C:\Program Files (x86)\Microsoft SQL Server\160\Tools\Binn\;C:\Program Files\Microsoft SQL Server\160\Tools\Binn\;C:\Program Files\Microsoft SQL Server\Client SDK\ODBC\170\Tools\Binn\;C:\Program Files\Microsoft SQL Server\160\DTS\Binn\;C:\Program Files (x86)\Microsoft SQL Server\160\DTS\Binn\;C:\xampp\php;C:\Program Files\nodejs\;C:\Program Files\PowerShell\7\;%SystemRoot%\system32;%SystemRoot%;%SystemRoot%\System32\Wbem;%SYSTEMROOT%\System32\WindowsPowerShell\v1.0\;%SYSTEMROOT%\System32\OpenSSH\;C:\Program Files\Firebase\firebase-tools-instant-win.exe;C:\Users\shwet\AppData\Local\Pub\Cache\bin;C:\Program Files\MySQL\MySQL Shell 8.0\bin\;C:\Users\shwet\AppData\Local\Programs\Python\Python311\Scripts\;C:\Users\shwet\AppData\Local\Programs\Python\Python311\;C:\Users\shwet\AppData\Local\Microsoft\WindowsApps;C:\MinGW\bin;C:\Program Files\Java\jdk-20\bin;C:\Users\shwet\AppData\Local\Programs\Microsoft VS Code\bin;C:\Users\shwet\AppData\Local\JetBrains\IntelliJ IDEA Community Edition 2023.2.1\bin;;C:\Users\shwet\Downloads\flutter_windows_3.13.8-stable\flutter\bin;C:\Users\shwet\AppData\Local\GitHubDesktop\bin;C:\Program Files\MySQL\MySQL Server 8.0\bin;C:\Users\shwet\AppData\Roaming\npm;C:\Program Files\MongoDB\Server\8.0\bin\;C:\Program Files\MongoDB\Tools\100\bin\;
USERNAME=shwet
OS=Windows_NT
PROCESSOR_IDENTIFIER=Intel64 Family 6 Model 154 Stepping 4, GenuineIntel
TMP=C:\Users\shwet\AppData\Local\Temp
TEMP=C:\Users\shwet\AppData\Local\Temp




---------------  S Y S T E M  ---------------

OS:
 Windows 11 , 64 bit Build 26100 (10.0.26100.2454)
OS uptime: 2 days 3:45 hours
Hyper-V role detected

CPU: total 12 (initial active 12) (6 cores per cpu, 2 threads per core) family 6 model 154 stepping 4 microcode 0x432, cx8, cmov, fxsr, ht, mmx, 3dnowpref, sse, sse2, sse3, ssse3, sse4.1, sse4.2, popcnt, lzcnt, tsc, tscinvbit, avx, avx2, aes, erms, clmul, bmi1, bmi2, adx, sha, fma, vzeroupper, clflush, clflushopt, clwb, hv, serialize, rdtscp, rdpid, fsrm, f16c, cet_ibt, cet_ss

Memory: 4k page, system-wide physical 16095M (3962M free)
TotalPageFile size 51321M (AvailPageFile size 11M)
current process WorkingSet (physical memory assigned to process): 93M, peak: 93M
current process commit charge ("private bytes"): 375M, peak: 376M

vm_info: Java HotSpot(TM) 64-Bit Server VM (20.0.1+9-29) for windows-amd64 JRE (20.0.1+9-29), built on 2023-03-07T13:56:11Z by "mach5one" with MS VC++ 17.1 (VS2022)

END.
